<?xml version="1.0" encoding="UTF-8"?>
<testng-results ignored="0" total="1" passed="1" failed="0" skipped="0">
  <reporter-output>
  </reporter-output>
  <suite started-at="2026-07-07T16:09:10 IST" name="Suite" finished-at="2026-07-07T16:09:16 IST" duration-ms="5443">
    <groups>
    </groups>
    <test started-at="2026-07-07T16:09:10 IST" name="Test" finished-at="2026-07-07T16:09:16 IST" duration-ms="5443">
      <class name="testscript.LoginTest">
        <test-method is-config="true" signature="intilizeBrowser(java.lang.String)[pri:0, instance:testscript.LoginTest@313ac989]" started-at="2026-07-07T16:09:10 IST" name="intilizeBrowser" finished-at="2026-07-07T16:09:14 IST" duration-ms="3145" status="PASS">
          <params>
            <param index="0">
              <value>
                <![CDATA[Chrome]]>
              </value>
            </param>
          </params>
          <reporter-output>
          </reporter-output>
        </test-method> <!-- intilizeBrowser -->
        <test-method signature="verifyThatTheUserShoudAbleToLoginWithValidUserCreditials()[pri:0, instance:testscript.LoginTest@313ac989]" started-at="2026-07-07T16:09:14 IST" name="verifyThatTheUserShoudAbleToLoginWithValidUserCreditials" finished-at="2026-07-07T16:09:16 IST" duration-ms="2251" status="PASS">
          <reporter-output>
          </reporter-output>
        </test-method> <!-- verifyThatTheUserShoudAbleToLoginWithValidUserCreditials -->
        <test-method is-config="true" signature="closeBrowser()[pri:0, instance:testscript.LoginTest@313ac989]" started-at="2026-07-07T16:09:16 IST" name="closeBrowser" finished-at="2026-07-07T16:09:16 IST" duration-ms="1" status="PASS">
          <reporter-output>
          </reporter-output>
        </test-method> <!-- closeBrowser -->
      </class> <!-- testscript.LoginTest -->
    </test> <!-- Test -->
  </suite> <!-- Suite -->
</testng-results>
